<?xml version="1.0" encoding="UTF-8"?>
<coverage generated="1768226896611" clover="3.2.0">
  <project timestamp="1768226896611" name="All files">
    <metrics statements="31" coveredstatements="31" conditionals="16" coveredconditionals="16" methods="10" coveredmethods="10" elements="57" coveredelements="57" complexity="0" loc="31" ncloc="31" packages="4" files="7" classes="7"/>
    <package name=".storybook">
      <metrics statements="1" coveredstatements="1" conditionals="0" coveredconditionals="0" methods="0" coveredmethods="0"/>
      <file name="preview.ts" path="/Users/xrer/Documents/react-material-3-pure/.storybook/preview.ts">
        <metrics statements="1" coveredstatements="1" conditionals="0" coveredconditionals="0" methods="0" coveredmethods="0"/>
        <line num="5" count="1" type="stmt"/>
      </file>
    </package>
    <package name="src.components.Button">
      <metrics statements="14" coveredstatements="14" conditionals="16" coveredconditionals="16" methods="4" coveredmethods="4"/>
      <file name="Button.module.css" path="/Users/xrer/Documents/react-material-3-pure/src/components/Button/Button.module.css">
        <metrics statements="0" coveredstatements="0" conditionals="0" coveredconditionals="0" methods="0" coveredmethods="0"/>
      </file>
      <file name="Button.tsx" path="/Users/xrer/Documents/react-material-3-pure/src/components/Button/Button.tsx">
        <metrics statements="14" coveredstatements="14" conditionals="16" coveredconditionals="16" methods="4" coveredmethods="4"/>
        <line num="1" count="1" type="stmt"/>
        <line num="47" count="1" type="stmt"/>
        <line num="62" count="46" type="stmt"/>
        <line num="64" count="46" type="stmt"/>
        <line num="65" count="12" type="cond" truecount="2" falsecount="0"/>
        <line num="66" count="11" type="stmt"/>
        <line num="68" count="12" type="cond" truecount="2" falsecount="0"/>
        <line num="69" count="11" type="stmt"/>
        <line num="73" count="46" type="cond" truecount="2" falsecount="0"/>
        <line num="75" count="46" type="stmt"/>
        <line num="87" count="1" type="cond" truecount="2" falsecount="0"/>
        <line num="96" count="11" type="stmt"/>
        <line num="107" count="1" type="stmt"/>
        <line num="119" count="1" type="stmt"/>
      </file>
    </package>
    <package name="src.hooks">
      <metrics statements="16" coveredstatements="16" conditionals="0" coveredconditionals="0" methods="6" coveredmethods="6"/>
      <file name="index.ts" path="/Users/xrer/Documents/react-material-3-pure/src/hooks/index.ts">
        <metrics statements="0" coveredstatements="0" conditionals="0" coveredconditionals="0" methods="0" coveredmethods="0"/>
      </file>
      <file name="useRipple.ts" path="/Users/xrer/Documents/react-material-3-pure/src/hooks/useRipple.ts">
        <metrics statements="16" coveredstatements="16" conditionals="0" coveredconditionals="0" methods="6" coveredmethods="6"/>
        <line num="1" count="1" type="stmt"/>
        <line num="11" count="1" type="stmt"/>
        <line num="14" count="46" type="stmt"/>
        <line num="19" count="46" type="stmt"/>
        <line num="20" count="1" type="stmt"/>
        <line num="23" count="46" type="stmt"/>
        <line num="24" count="11" type="stmt"/>
        <line num="25" count="11" type="stmt"/>
        <line num="28" count="11" type="stmt"/>
        <line num="29" count="11" type="stmt"/>
        <line num="30" count="11" type="stmt"/>
        <line num="33" count="11" type="stmt"/>
        <line num="34" count="11" type="stmt"/>
        <line num="36" count="11" type="stmt"/>
        <line num="43" count="11" type="stmt"/>
        <line num="46" count="46" type="stmt"/>
      </file>
    </package>
    <package name="src.styles">
      <metrics statements="0" coveredstatements="0" conditionals="0" coveredconditionals="0" methods="0" coveredmethods="0"/>
      <file name="global.css" path="/Users/xrer/Documents/react-material-3-pure/src/styles/global.css">
        <metrics statements="0" coveredstatements="0" conditionals="0" coveredconditionals="0" methods="0" coveredmethods="0"/>
      </file>
      <file name="theme.css" path="/Users/xrer/Documents/react-material-3-pure/src/styles/theme.css">
        <metrics statements="0" coveredstatements="0" conditionals="0" coveredconditionals="0" methods="0" coveredmethods="0"/>
      </file>
    </package>
  </project>
</coverage>
