{"/Users/xrer/Documents/react-material-3-pure/.storybook/preview.ts": {"path":"/Users/xrer/Documents/react-material-3-pure/.storybook/preview.ts","statementMap":{"0":{"start":{"line":5,"column":25},"end":{"line":21,"column":null}}},"fnMap":{},"branchMap":{},"s":{"0":1},"f":{},"b":{},"meta":{"lastBranch":0,"lastFunction":0,"lastStatement":1,"seen":{"s:5:25:21:Infinity":0}}}
,"/Users/xrer/Documents/react-material-3-pure/src/components/Button/Button.module.css": {"path":"/Users/xrer/Documents/react-material-3-pure/src/components/Button/Button.module.css","statementMap":{},"fnMap":{},"branchMap":{},"s":{},"f":{},"b":{},"meta":{"lastBranch":0,"lastFunction":0,"lastStatement":0,"seen":{}}}
,"/Users/xrer/Documents/react-material-3-pure/src/components/Button/Button.tsx": {"path":"/Users/xrer/Documents/react-material-3-pure/src/components/Button/Button.tsx","statementMap":{"0":{"start":{"line":87,"column":24},"end":{"line":87,"column":25}},"1":{"start":{"line":1,"column":34},"end":{"line":1,"column":null}},"2":{"start":{"line":47,"column":22},"end":{"line":117,"column":null}},"3":{"start":{"line":62,"column":75},"end":{"line":62,"column":null}},"4":{"start":{"line":64,"column":30},"end":{"line":71,"column":null}},"5":{"start":{"line":65,"column":6},"end":{"line":67,"column":null}},"6":{"start":{"line":66,"column":8},"end":{"line":66,"column":null}},"7":{"start":{"line":68,"column":6},"end":{"line":70,"column":null}},"8":{"start":{"line":69,"column":8},"end":{"line":69,"column":null}},"9":{"start":{"line":73,"column":25},"end":{"line":73,"column":null}},"10":{"start":{"line":75,"column":4},"end":{"line":114,"column":null}},"11":{"start":{"line":96,"column":14},"end":{"line":108,"column":null}},"12":{"start":{"line":107,"column":38},"end":{"line":107,"column":null}},"13":{"start":{"line":119,"column":0},"end":{"line":119,"column":null}}},"fnMap":{"0":{"name":"(anonymous_0)","decl":{"start":{"line":48,"column":2},"end":{"line":48,"column":null}},"loc":{"start":{"line":61,"column":7},"end":{"line":116,"column":null}},"line":61},"1":{"name":"(anonymous_1)","decl":{"start":{"line":64,"column":30},"end":{"line":64,"column":31}},"loc":{"start":{"line":64,"column":76},"end":{"line":71,"column":null}},"line":64},"2":{"name":"(anonymous_2)","decl":{"start":{"line":95,"column":25},"end":{"line":95,"column":26}},"loc":{"start":{"line":96,"column":14},"end":{"line":108,"column":null}},"line":96},"3":{"name":"(anonymous_3)","decl":{"start":{"line":107,"column":32},"end":{"line":107,"column":38}},"loc":{"start":{"line":107,"column":38},"end":{"line":107,"column":null}},"line":107}},"branchMap":{"0":{"loc":{"start":{"line":50,"column":6},"end":{"line":50,"column":null}},"type":"default-arg","locations":[{"start":{"line":50,"column":16},"end":{"line":50,"column":null}}],"line":50},"1":{"loc":{"start":{"line":54,"column":6},"end":{"line":54,"column":null}},"type":"default-arg","locations":[{"start":{"line":54,"column":18},"end":{"line":54,"column":null}}],"line":54},"2":{"loc":{"start":{"line":55,"column":6},"end":{"line":55,"column":null}},"type":"default-arg","locations":[{"start":{"line":55,"column":17},"end":{"line":55,"column":null}}],"line":55},"3":{"loc":{"start":{"line":57,"column":6},"end":{"line":57,"column":null}},"type":"default-arg","locations":[{"start":{"line":57,"column":13},"end":{"line":57,"column":null}}],"line":57},"4":{"loc":{"start":{"line":65,"column":6},"end":{"line":67,"column":null}},"type":"if","locations":[{"start":{"line":65,"column":6},"end":{"line":67,"column":null}},{"start":{},"end":{}}],"line":65},"5":{"loc":{"start":{"line":68,"column":6},"end":{"line":70,"column":null}},"type":"if","locations":[{"start":{"line":68,"column":6},"end":{"line":70,"column":null}},{"start":{},"end":{}}],"line":68},"6":{"loc":{"start":{"line":73,"column":25},"end":{"line":73,"column":null}},"type":"binary-expr","locations":[{"start":{"line":73,"column":25},"end":{"line":73,"column":44}},{"start":{"line":73,"column":44},"end":{"line":73,"column":null}}],"line":73},"7":{"loc":{"start":{"line":87,"column":11},"end":{"line":87,"column":null}},"type":"binary-expr","locations":[{"start":{"line":87,"column":11},"end":{"line":87,"column":24}},{"start":{"line":87,"column":24},"end":{"line":87,"column":null}}],"line":87},"8":{"loc":{"start":{"line":89,"column":11},"end":{"line":89,"column":null}},"type":"binary-expr","locations":[{"start":{"line":89,"column":11},"end":{"line":89,"column":22}},{"start":{"line":89,"column":22},"end":{"line":89,"column":null}}],"line":89},"9":{"loc":{"start":{"line":93,"column":9},"end":{"line":110,"column":null}},"type":"binary-expr","locations":[{"start":{"line":93,"column":9},"end":{"line":93,"column":null}},{"start":{"line":94,"column":10},"end":{"line":110,"column":null}}],"line":93}},"s":{"0":1,"1":1,"2":1,"3":46,"4":46,"5":12,"6":11,"7":12,"8":11,"9":46,"10":46,"11":11,"12":1,"13":1},"f":{"0":46,"1":12,"2":11,"3":1},"b":{"0":[46],"1":[46],"2":[46],"3":[46],"4":[11,1],"5":[11,1],"6":[46,1],"7":[46,9],"8":[46,4],"9":[46,36]},"meta":{"lastBranch":10,"lastFunction":4,"lastStatement":14,"seen":{"s:87:24:87:25":0,"s:1:34:1:Infinity":1,"s:47:22:117:Infinity":2,"f:48:2:48:Infinity":0,"b:50:16:50:Infinity":0,"b:54:18:54:Infinity":1,"b:55:17:55:Infinity":2,"b:57:13:57:Infinity":3,"s:62:75:62:Infinity":3,"s:64:30:71:Infinity":4,"f:64:30:64:31":1,"b:65:6:67:Infinity:undefined:undefined:undefined:undefined":4,"s:65:6:67:Infinity":5,"s:66:8:66:Infinity":6,"b:68:6:70:Infinity:undefined:undefined:undefined:undefined":5,"s:68:6:70:Infinity":7,"s:69:8:69:Infinity":8,"s:73:25:73:Infinity":9,"b:73:25:73:44:73:44:73:Infinity":6,"s:75:4:114:Infinity":10,"b:87:11:87:24:87:24:87:Infinity":7,"b:89:11:89:22:89:22:89:Infinity":8,"b:93:9:93:Infinity:94:10:110:Infinity":9,"f:95:25:95:26":2,"s:96:14:108:Infinity":11,"f:107:32:107:38":3,"s:107:38:107:Infinity":12,"s:119:0:119:Infinity":13}}}
,"/Users/xrer/Documents/react-material-3-pure/src/hooks/index.ts": {"path":"/Users/xrer/Documents/react-material-3-pure/src/hooks/index.ts","statementMap":{},"fnMap":{},"branchMap":{},"s":{},"f":{},"b":{},"meta":{"lastBranch":0,"lastFunction":0,"lastStatement":0,"seen":{}}}
,"/Users/xrer/Documents/react-material-3-pure/src/hooks/useRipple.ts": {"path":"/Users/xrer/Documents/react-material-3-pure/src/hooks/useRipple.ts","statementMap":{"0":{"start":{"line":1,"column":38},"end":{"line":1,"column":null}},"1":{"start":{"line":11,"column":29},"end":{"line":11,"column":null}},"2":{"start":{"line":14,"column":34},"end":{"line":14,"column":null}},"3":{"start":{"line":19,"column":26},"end":{"line":21,"column":null}},"4":{"start":{"line":20,"column":8},"end":{"line":20,"column":null}},"5":{"start":{"line":20,"column":29},"end":{"line":20,"column":62}},"6":{"start":{"line":20,"column":48},"end":{"line":20,"column":61}},"7":{"start":{"line":23,"column":26},"end":{"line":44,"column":null}},"8":{"start":{"line":24,"column":24},"end":{"line":24,"column":null}},"9":{"start":{"line":25,"column":21},"end":{"line":25,"column":null}},"10":{"start":{"line":28,"column":22},"end":{"line":28,"column":null}},"11":{"start":{"line":29,"column":23},"end":{"line":29,"column":null}},"12":{"start":{"line":30,"column":21},"end":{"line":30,"column":null}},"13":{"start":{"line":33,"column":18},"end":{"line":33,"column":null}},"14":{"start":{"line":34,"column":18},"end":{"line":34,"column":null}},"15":{"start":{"line":36,"column":34},"end":{"line":41,"column":null}},"16":{"start":{"line":43,"column":8},"end":{"line":43,"column":null}},"17":{"start":{"line":43,"column":29},"end":{"line":43,"column":49}},"18":{"start":{"line":46,"column":4},"end":{"line":46,"column":null}}},"fnMap":{"0":{"name":"useRipple","decl":{"start":{"line":13,"column":16},"end":{"line":13,"column":28}},"loc":{"start":{"line":13,"column":28},"end":{"line":47,"column":null}},"line":13},"1":{"name":"(anonymous_1)","decl":{"start":{"line":19,"column":38},"end":{"line":19,"column":39}},"loc":{"start":{"line":19,"column":55},"end":{"line":21,"column":7}},"line":19},"2":{"name":"(anonymous_2)","decl":{"start":{"line":20,"column":19},"end":{"line":20,"column":20}},"loc":{"start":{"line":20,"column":29},"end":{"line":20,"column":62}},"line":20},"3":{"name":"(anonymous_3)","decl":{"start":{"line":20,"column":41},"end":{"line":20,"column":42}},"loc":{"start":{"line":20,"column":48},"end":{"line":20,"column":61}},"line":20},"4":{"name":"(anonymous_4)","decl":{"start":{"line":23,"column":38},"end":{"line":23,"column":39}},"loc":{"start":{"line":23,"column":82},"end":{"line":44,"column":7}},"line":23},"5":{"name":"(anonymous_5)","decl":{"start":{"line":43,"column":19},"end":{"line":43,"column":20}},"loc":{"start":{"line":43,"column":29},"end":{"line":43,"column":49}},"line":43}},"branchMap":{},"s":{"0":1,"1":1,"2":46,"3":46,"4":1,"5":1,"6":1,"7":46,"8":11,"9":11,"10":11,"11":11,"12":11,"13":11,"14":11,"15":11,"16":11,"17":11,"18":46},"f":{"0":46,"1":1,"2":1,"3":1,"4":11,"5":11},"b":{},"meta":{"lastBranch":0,"lastFunction":6,"lastStatement":19,"seen":{"s:1:38:1:Infinity":0,"s:11:29:11:Infinity":1,"f:13:16:13:28":0,"s:14:34:14:Infinity":2,"s:19:26:21:Infinity":3,"f:19:38:19:39":1,"s:20:8:20:Infinity":4,"f:20:19:20:20":2,"s:20:29:20:62":5,"f:20:41:20:42":3,"s:20:48:20:61":6,"s:23:26:44:Infinity":7,"f:23:38:23:39":4,"s:24:24:24:Infinity":8,"s:25:21:25:Infinity":9,"s:28:22:28:Infinity":10,"s:29:23:29:Infinity":11,"s:30:21:30:Infinity":12,"s:33:18:33:Infinity":13,"s:34:18:34:Infinity":14,"s:36:34:41:Infinity":15,"s:43:8:43:Infinity":16,"f:43:19:43:20":5,"s:43:29:43:49":17,"s:46:4:46:Infinity":18}}}
,"/Users/xrer/Documents/react-material-3-pure/src/styles/global.css": {"path":"/Users/xrer/Documents/react-material-3-pure/src/styles/global.css","statementMap":{},"fnMap":{},"branchMap":{},"s":{},"f":{},"b":{},"meta":{"lastBranch":0,"lastFunction":0,"lastStatement":0,"seen":{}}}
,"/Users/xrer/Documents/react-material-3-pure/src/styles/theme.css": {"path":"/Users/xrer/Documents/react-material-3-pure/src/styles/theme.css","statementMap":{},"fnMap":{},"branchMap":{},"s":{},"f":{},"b":{},"meta":{"lastBranch":0,"lastFunction":0,"lastStatement":0,"seen":{}}}
}
